<?xml version="1.0" encoding="UTF-8"?>
<!-- Generated by org.testng.reporters.JUnitReportReporter -->
<testsuite hostname="LAPTOP-F0VEO623" failures="0" tests="5" name="com.cjc.Testclass.Test_DemoWeb" time="30.335" errors="0" timestamp="2024-09-24T20:43:52 IST" skipped="0">
  <testcase classname="com.cjc.Testclass.Test_DemoWeb" name="RegisterTest" time="2.265"/>
  <system-out/>
  <testcase classname="com.cjc.Testclass.Test_DemoWeb" name="loginTest" time="4.708"/>
  <system-out/>
  <testcase classname="com.cjc.Testclass.Test_DemoWeb" name="selectTest" time="6.450"/>
  <system-out/>
  <testcase classname="com.cjc.Testclass.Test_DemoWeb" name="AddressTest" time="7.195"/>
  <system-out/>
  <testcase classname="com.cjc.Testclass.Test_DemoWeb" name="continueTest" time="9.717"/>
  <system-out/>
</testsuite> <!-- com.cjc.Testclass.Test_DemoWeb -->
